2025-09-05 01:08:20,813 [INFO] Logging started for logs/late_swap_week1.log
2025-09-05 01:08:20,813 [INFO] === Late Swap (Week 1) ===
2025-09-05 01:08:20,833 [INFO] CheatSheets rows per file: {'qb.csv': 930, 'rb.csv': 930, 'wr.csv': 930, 'te.csv': 930, 'dst.csv': 930} | kept Sunday-Main unique: 327
2025-09-05 01:08:20,833 [INFO] Loaded per-pos: {'QB': 46, 'WR': 114, 'RB': 72, 'TE': 71, 'DST': 24}
2025-09-05 01:08:20,833 [INFO] Late players: ['Ashton Jeanty', 'Denver Broncos', 'Brock Bowers']
2025-09-05 01:08:20,833 [INFO] Suggested swap (upside): OUT Denver Broncos ($4800, Proj 8.2) -> IN Bo Nix ($7400, Proj 19.4)
2025-09-05 01:15:21,451 [INFO] Logging started for logs/late_swap_week1.log
2025-09-05 01:15:21,451 [INFO] === Late Swap (Week 1) ===
2025-09-05 01:15:21,470 [INFO] CheatSheets rows per file: {'qb.csv': 930, 'rb.csv': 930, 'wr.csv': 930, 'te.csv': 930, 'dst.csv': 930} | kept Sunday-Main unique: 327
2025-09-05 01:15:21,470 [INFO] Loaded per-pos: {'QB': 46, 'WR': 114, 'RB': 72, 'TE': 71, 'DST': 24}
2025-09-05 01:15:21,671 [INFO] Fetched odds for 242 games.
2025-09-05 01:15:21,672 [INFO] [RB2] OUT Ashton Jeanty ($6400) -> IN RJ Harvey ($5700) [best_upside] proj~10.1
2025-09-05 01:15:21,672 [INFO] [DST] OUT Denver Broncos ($4800) -> IN Arizona Cardinals ($4200) [best_upside] proj~8.1
2025-09-05 01:15:21,672 [INFO] [TE] OUT Brock Bowers ($7000) -> IN Trey McBride ($6300) [best_upside] proj~11.7
2025-09-05 01:21:11,056 [INFO] Logging started for logs/late_swap_week1.log
2025-09-05 01:21:11,056 [INFO] === Late Swap (Week 1) ===
2025-09-05 01:21:11,072 [INFO] CheatSheets rows per file: {'qb.csv': 930, 'rb.csv': 930, 'wr.csv': 930, 'te.csv': 930, 'dst.csv': 930} | kept Sunday-Main unique: 727
2025-09-05 01:21:11,072 [INFO] Loaded per-pos: {'QB': 95, 'RB': 152, 'WR': 304, 'TE': 152, 'DST': 24}
2025-09-05 01:21:11,290 [INFO] Fetched odds for 242 games.
2025-09-05 01:21:11,294 [INFO] [RB1] OUT Christian McCaffrey ($8100) -> IN Josh Jacobs ($7800) [best_upside] proj~14.8  kick=Sun 4:25PM
2025-09-05 01:21:11,294 [INFO] [DST] OUT Denver Broncos ($4800) -> IN San Francisco 49ers ($4400) [best_upside] proj~7.6  kick=Sun 4:05PM
2025-09-05 01:24:51,580 [INFO] Logging started for logs/late_swap_week1.log
2025-09-05 01:24:51,580 [INFO] === Late Swap (Week 1) ===
2025-09-05 01:24:51,596 [INFO] CheatSheets rows per file: {'qb.csv': 930, 'rb.csv': 930, 'wr.csv': 930, 'te.csv': 930, 'dst.csv': 930} | kept Sunday-Main unique: 727
2025-09-05 01:24:51,596 [INFO] Loaded per-pos: {'QB': 95, 'RB': 152, 'WR': 304, 'TE': 152, 'DST': 24}
2025-09-05 01:24:51,795 [INFO] Fetched odds for 242 games.
2025-09-05 01:24:51,798 [INFO] [RB1] OUT Christian McCaffrey ($8100) -> IN Josh Jacobs ($7800) [best_upside] proj~14.8  kick=Sun 4:25PM
2025-09-05 01:24:51,799 [INFO] [DST] OUT Denver Broncos ($4800) -> IN San Francisco 49ers ($4400) [best_upside] proj~7.6  kick=Sun 4:05PM
